2025-01-24T11:17:20.493+09:00 INFO  --- [ restartedMain] com.log_module.LogModuleApplication : Starting LogModuleApplication using Java 17.0.2 with PID 34624 (C:\workspace\log_module\build\classes\java\main started by admin in C:\workspace\log_module)
2025-01-24T11:17:20.495+09:00 INFO  --- [ restartedMain] com.log_module.LogModuleApplication : The following 1 profile is active: "real"
2025-01-24T11:17:20.541+09:00 INFO  --- [ restartedMain] o.s.b.d.e.DevToolsPropertyDefaultsPostProcessor : Devtools property defaults active! Set 'spring.devtools.add-properties' to 'false' to disable
2025-01-24T11:17:20.541+09:00 INFO  --- [ restartedMain] o.s.b.d.e.DevToolsPropertyDefaultsPostProcessor : For additional web related logging consider setting the 'logging.level.web' property to 'DEBUG'
2025-01-24T11:17:21.437+09:00 INFO  --- [ restartedMain] o.s.b.w.e.tomcat.TomcatWebServer : Tomcat initialized with port 8080 (http)
2025-01-24T11:17:21.448+09:00 INFO  --- [ restartedMain] o.a.catalina.core.StandardService : Starting service [Tomcat]
2025-01-24T11:17:21.449+09:00 INFO  --- [ restartedMain] o.a.catalina.core.StandardEngine : Starting Servlet engine: [Apache Tomcat/10.1.34]
2025-01-24T11:17:21.501+09:00 INFO  --- [ restartedMain] o.a.c.c.C.[Tomcat].[localhost].[/] : Initializing Spring embedded WebApplicationContext
2025-01-24T11:17:21.501+09:00 INFO  --- [ restartedMain] o.s.b.w.s.c.ServletWebServerApplicationContext : Root WebApplicationContext: initialization completed in 960 ms
2025-01-24T11:17:21.844+09:00 INFO  --- [ restartedMain] o.s.b.d.a.OptionalLiveReloadServer : LiveReload server is running on port 35729
2025-01-24T11:17:21.875+09:00 INFO  --- [ restartedMain] o.s.b.w.e.tomcat.TomcatWebServer : Tomcat started on port 8080 (http) with context path '/'
2025-01-24T11:17:21.884+09:00 INFO  --- [ restartedMain] com.log_module.LogModuleApplication : Started LogModuleApplication in 1.962 seconds (process running for 2.627)
2025-01-24T11:17:36.711+09:00 INFO  --- [ http-nio-8080-exec-2] o.a.c.c.C.[Tomcat].[localhost].[/] : Initializing Spring DispatcherServlet 'dispatcherServlet'
2025-01-24T11:17:36.711+09:00 INFO  --- [ http-nio-8080-exec-2] o.s.web.servlet.DispatcherServlet : Initializing Servlet 'dispatcherServlet'
2025-01-24T11:17:36.712+09:00 INFO  --- [ http-nio-8080-exec-2] o.s.web.servlet.DispatcherServlet : Completed initialization in 1 ms
2025-01-24T11:17:36.750+09:00 INFO  --- [ http-nio-8080-exec-2] c.l.test.controller.TestController : Received GET request with userId: 2
2025-01-24T11:17:36.766+09:00 INFO  --- [ http-nio-8080-exec-2] c.l.l.interceptor.LoggingInterceptor : Response Status: [200] TraceId: [69bc315f-16bb-49df-809d-99afe07a1206] Method: [GET] requestURI: [/api/logging]
2025-01-24T11:17:37.344+09:00 INFO  --- [ http-nio-8080-exec-3] c.l.test.controller.TestController : Received GET request with userId: 2
2025-01-24T11:17:37.345+09:00 INFO  --- [ http-nio-8080-exec-3] c.l.l.interceptor.LoggingInterceptor : Response Status: [200] TraceId: [1c7a945b-f70e-4e63-a5a0-36f10d011e55] Method: [GET] requestURI: [/api/logging]
2025-01-24T11:17:37.891+09:00 INFO  --- [ http-nio-8080-exec-4] c.l.test.controller.TestController : Received GET request with userId: 2
2025-01-24T11:17:37.892+09:00 INFO  --- [ http-nio-8080-exec-4] c.l.l.interceptor.LoggingInterceptor : Response Status: [200] TraceId: [4b8d123a-6a59-484a-abd6-9f874202b786] Method: [GET] requestURI: [/api/logging]
2025-01-24T11:17:38.282+09:00 INFO  --- [ http-nio-8080-exec-5] c.l.test.controller.TestController : Received GET request with userId: 2
2025-01-24T11:17:38.282+09:00 INFO  --- [ http-nio-8080-exec-5] c.l.l.interceptor.LoggingInterceptor : Response Status: [200] TraceId: [d93ee123-6b68-4686-880b-607f4e791416] Method: [GET] requestURI: [/api/logging]
2025-01-24T11:17:38.791+09:00 INFO  --- [ http-nio-8080-exec-6] c.l.test.controller.TestController : Received GET request with userId: 2
2025-01-24T11:17:38.791+09:00 INFO  --- [ http-nio-8080-exec-6] c.l.l.interceptor.LoggingInterceptor : Response Status: [200] TraceId: [03029ab6-4cca-409b-a35d-a8922a4582e8] Method: [GET] requestURI: [/api/logging]
2025-01-24T11:17:39.257+09:00 INFO  --- [ http-nio-8080-exec-7] c.l.test.controller.TestController : Received GET request with userId: 2
2025-01-24T11:17:39.259+09:00 INFO  --- [ http-nio-8080-exec-7] c.l.l.interceptor.LoggingInterceptor : Response Status: [200] TraceId: [911276ef-73aa-4caa-a32a-d40736caeb9b] Method: [GET] requestURI: [/api/logging]
2025-01-24T11:17:54.788+09:00 ERROR --- [ http-nio-8080-exec-8] c.l.test.controller.TestController : Simulating an error in GET request
2025-01-24T11:17:54.792+09:00 ERROR --- [ http-nio-8080-exec-8] c.l.exception.CommonExceptionHandler : Request Info:
------------------------------
TraceId       : ef5de2ad-da10-4757-89eb-7bb3e2bf73c4
RequestUri    : /api/logging/error
Method        : GET
RequestParams : {userId=2}
RequestBody   : null
PathVariables : null
------------------------------

2025-01-24T11:17:54.792+09:00 ERROR --- [ http-nio-8080-exec-8] c.l.exception.CommonExceptionHandler : Common exception occurred: code: 301, message: GET_TEST_ERROR
com.log_module.exception.CommonException: null
	at com.log_module.test.controller.TestController.getError(TestController.java:55)
	at java.base/jdk.internal.reflect.NativeMethodAccessorImpl.invoke0(Native Method)
	at java.base/jdk.internal.reflect.NativeMethodAccessorImpl.invoke(NativeMethodAccessorImpl.java:77)
	at java.base/jdk.internal.reflect.DelegatingMethodAccessorImpl.invoke(DelegatingMethodAccessorImpl.java:43)
	at java.base/java.lang.reflect.Method.invoke(Method.java:568)
	at org.springframework.web.method.support.InvocableHandlerMethod.doInvoke(InvocableHandlerMethod.java:257)
	at org.springframework.web.method.support.InvocableHandlerMethod.invokeForRequest(InvocableHandlerMethod.java:190)
	at org.springframework.web.servlet.mvc.method.annotation.ServletInvocableHandlerMethod.invokeAndHandle(ServletInvocableHandlerMethod.java:118)
	at org.springframework.web.servlet.mvc.method.annotation.RequestMappingHandlerAdapter.invokeHandlerMethod(RequestMappingHandlerAdapter.java:986)
	at org.springframework.web.servlet.mvc.method.annotation.RequestMappingHandlerAdapter.handleInternal(RequestMappingHandlerAdapter.java:891)
	at org.springframework.web.servlet.mvc.method.AbstractHandlerMethodAdapter.handle(AbstractHandlerMethodAdapter.java:87)
	at org.springframework.web.servlet.DispatcherServlet.doDispatch(DispatcherServlet.java:1088)
	at org.springframework.web.servlet.DispatcherServlet.doService(DispatcherServlet.java:978)
	at org.springframework.web.servlet.FrameworkServlet.processRequest(FrameworkServlet.java:1014)
	at org.springframework.web.servlet.FrameworkServlet.doGet(FrameworkServlet.java:903)
	at jakarta.servlet.http.HttpServlet.service(HttpServlet.java:564)
	at org.springframework.web.servlet.FrameworkServlet.service(FrameworkServlet.java:885)
	at jakarta.servlet.http.HttpServlet.service(HttpServlet.java:658)
	at org.apache.catalina.core.ApplicationFilterChain.internalDoFilter(ApplicationFilterChain.java:195)
	at org.apache.catalina.core.ApplicationFilterChain.doFilter(ApplicationFilterChain.java:140)
	at org.apache.tomcat.websocket.server.WsFilter.doFilter(WsFilter.java:51)
	at org.apache.catalina.core.ApplicationFilterChain.internalDoFilter(ApplicationFilterChain.java:164)
	at org.apache.catalina.core.ApplicationFilterChain.doFilter(ApplicationFilterChain.java:140)
	at com.log_module.logging.filter.ResponseWrapperFilter.doFilter(ResponseWrapperFilter.java:17)
	at org.apache.catalina.core.ApplicationFilterChain.internalDoFilter(ApplicationFilterChain.java:164)
	at org.apache.catalina.core.ApplicationFilterChain.doFilter(ApplicationFilterChain.java:140)
	at com.log_module.logging.filter.RequestWrapperFilter.doFilter(RequestWrapperFilter.java:17)
	at org.apache.catalina.core.ApplicationFilterChain.internalDoFilter(ApplicationFilterChain.java:164)
	at org.apache.catalina.core.ApplicationFilterChain.doFilter(ApplicationFilterChain.java:140)
	at org.springframework.web.filter.RequestContextFilter.doFilterInternal(RequestContextFilter.java:100)
	at org.springframework.web.filter.OncePerRequestFilter.doFilter(OncePerRequestFilter.java:116)
	at org.apache.catalina.core.ApplicationFilterChain.internalDoFilter(ApplicationFilterChain.java:164)
	at org.apache.catalina.core.ApplicationFilterChain.doFilter(ApplicationFilterChain.java:140)
	at org.springframework.web.filter.FormContentFilter.doFilterInternal(FormContentFilter.java:93)
	at org.springframework.web.filter.OncePerRequestFilter.doFilter(OncePerRequestFilter.java:116)
	at org.apache.catalina.core.ApplicationFilterChain.internalDoFilter(ApplicationFilterChain.java:164)
	at org.apache.catalina.core.ApplicationFilterChain.doFilter(ApplicationFilterChain.java:140)
	at org.springframework.web.filter.CharacterEncodingFilter.doFilterInternal(CharacterEncodingFilter.java:201)
	at org.springframework.web.filter.OncePerRequestFilter.doFilter(OncePerRequestFilter.java:116)
	at org.apache.catalina.core.ApplicationFilterChain.internalDoFilter(ApplicationFilterChain.java:164)
	at org.apache.catalina.core.ApplicationFilterChain.doFilter(ApplicationFilterChain.java:140)
	at org.apache.catalina.core.StandardWrapperValve.invoke(StandardWrapperValve.java:167)
	at org.apache.catalina.core.StandardContextValve.invoke(StandardContextValve.java:90)
	at org.apache.catalina.authenticator.AuthenticatorBase.invoke(AuthenticatorBase.java:483)
	at org.apache.catalina.core.StandardHostValve.invoke(StandardHostValve.java:115)
	at org.apache.catalina.valves.ErrorReportValve.invoke(ErrorReportValve.java:93)
	at org.apache.catalina.core.StandardEngineValve.invoke(StandardEngineValve.java:74)
	at org.apache.catalina.connector.CoyoteAdapter.service(CoyoteAdapter.java:344)
	at org.apache.coyote.http11.Http11Processor.service(Http11Processor.java:397)
	at org.apache.coyote.AbstractProcessorLight.process(AbstractProcessorLight.java:63)
	at org.apache.coyote.AbstractProtocol$ConnectionHandler.process(AbstractProtocol.java:905)
	at org.apache.tomcat.util.net.NioEndpoint$SocketProcessor.doRun(NioEndpoint.java:1741)
	at org.apache.tomcat.util.net.SocketProcessorBase.run(SocketProcessorBase.java:52)
	at org.apache.tomcat.util.threads.ThreadPoolExecutor.runWorker(ThreadPoolExecutor.java:1190)
	at org.apache.tomcat.util.threads.ThreadPoolExecutor$Worker.run(ThreadPoolExecutor.java:659)
	at org.apache.tomcat.util.threads.TaskThread$WrappingRunnable.run(TaskThread.java:63)
	at java.base/java.lang.Thread.run(Thread.java:833)
2025-01-24T11:17:54.832+09:00 WARN  --- [ http-nio-8080-exec-8] o.s.w.s.m.m.a.ExceptionHandlerExceptionResolver : Resolved [com.log_module.exception.CommonException]
2025-01-24T11:17:54.856+09:00 INFO  --- [ http-nio-8080-exec-8] c.l.l.interceptor.LoggingInterceptor : Response Status: [400] TraceId: [ef5de2ad-da10-4757-89eb-7bb3e2bf73c4] Method: [GET] requestURI: [/api/logging/error] Body: [{"code":"301","message":"GET_TEST_ERROR","traceId":"ef5de2ad-da10-4757-89eb-7bb3e2bf73c4","timestamp":"2025-01-24T11:17:54.7926731"}]
2025-01-24T11:17:55.470+09:00 ERROR --- [ http-nio-8080-exec-10] c.l.test.controller.TestController : Simulating an error in GET request
2025-01-24T11:17:55.471+09:00 ERROR --- [ http-nio-8080-exec-10] c.l.exception.CommonExceptionHandler : Request Info:
------------------------------
TraceId       : 8f456248-e51e-4249-bd06-1d4a9d57f7fd
RequestUri    : /api/logging/error
Method        : GET
RequestParams : {userId=2}
RequestBody   : null
PathVariables : null
------------------------------

2025-01-24T11:17:55.471+09:00 ERROR --- [ http-nio-8080-exec-10] c.l.exception.CommonExceptionHandler : Common exception occurred: code: 301, message: GET_TEST_ERROR
com.log_module.exception.CommonException: null
	at com.log_module.test.controller.TestController.getError(TestController.java:55)
	at java.base/jdk.internal.reflect.NativeMethodAccessorImpl.invoke0(Native Method)
	at java.base/jdk.internal.reflect.NativeMethodAccessorImpl.invoke(NativeMethodAccessorImpl.java:77)
	at java.base/jdk.internal.reflect.DelegatingMethodAccessorImpl.invoke(DelegatingMethodAccessorImpl.java:43)
	at java.base/java.lang.reflect.Method.invoke(Method.java:568)
	at org.springframework.web.method.support.InvocableHandlerMethod.doInvoke(InvocableHandlerMethod.java:257)
	at org.springframework.web.method.support.InvocableHandlerMethod.invokeForRequest(InvocableHandlerMethod.java:190)
	at org.springframework.web.servlet.mvc.method.annotation.ServletInvocableHandlerMethod.invokeAndHandle(ServletInvocableHandlerMethod.java:118)
	at org.springframework.web.servlet.mvc.method.annotation.RequestMappingHandlerAdapter.invokeHandlerMethod(RequestMappingHandlerAdapter.java:986)
	at org.springframework.web.servlet.mvc.method.annotation.RequestMappingHandlerAdapter.handleInternal(RequestMappingHandlerAdapter.java:891)
	at org.springframework.web.servlet.mvc.method.AbstractHandlerMethodAdapter.handle(AbstractHandlerMethodAdapter.java:87)
	at org.springframework.web.servlet.DispatcherServlet.doDispatch(DispatcherServlet.java:1088)
	at org.springframework.web.servlet.DispatcherServlet.doService(DispatcherServlet.java:978)
	at org.springframework.web.servlet.FrameworkServlet.processRequest(FrameworkServlet.java:1014)
	at org.springframework.web.servlet.FrameworkServlet.doGet(FrameworkServlet.java:903)
	at jakarta.servlet.http.HttpServlet.service(HttpServlet.java:564)
	at org.springframework.web.servlet.FrameworkServlet.service(FrameworkServlet.java:885)
	at jakarta.servlet.http.HttpServlet.service(HttpServlet.java:658)
	at org.apache.catalina.core.ApplicationFilterChain.internalDoFilter(ApplicationFilterChain.java:195)
	at org.apache.catalina.core.ApplicationFilterChain.doFilter(ApplicationFilterChain.java:140)
	at org.apache.tomcat.websocket.server.WsFilter.doFilter(WsFilter.java:51)
	at org.apache.catalina.core.ApplicationFilterChain.internalDoFilter(ApplicationFilterChain.java:164)
	at org.apache.catalina.core.ApplicationFilterChain.doFilter(ApplicationFilterChain.java:140)
	at com.log_module.logging.filter.ResponseWrapperFilter.doFilter(ResponseWrapperFilter.java:17)
	at org.apache.catalina.core.ApplicationFilterChain.internalDoFilter(ApplicationFilterChain.java:164)
	at org.apache.catalina.core.ApplicationFilterChain.doFilter(ApplicationFilterChain.java:140)
	at com.log_module.logging.filter.RequestWrapperFilter.doFilter(RequestWrapperFilter.java:17)
	at org.apache.catalina.core.ApplicationFilterChain.internalDoFilter(ApplicationFilterChain.java:164)
	at org.apache.catalina.core.ApplicationFilterChain.doFilter(ApplicationFilterChain.java:140)
	at org.springframework.web.filter.RequestContextFilter.doFilterInternal(RequestContextFilter.java:100)
	at org.springframework.web.filter.OncePerRequestFilter.doFilter(OncePerRequestFilter.java:116)
	at org.apache.catalina.core.ApplicationFilterChain.internalDoFilter(ApplicationFilterChain.java:164)
	at org.apache.catalina.core.ApplicationFilterChain.doFilter(ApplicationFilterChain.java:140)
	at org.springframework.web.filter.FormContentFilter.doFilterInternal(FormContentFilter.java:93)
	at org.springframework.web.filter.OncePerRequestFilter.doFilter(OncePerRequestFilter.java:116)
	at org.apache.catalina.core.ApplicationFilterChain.internalDoFilter(ApplicationFilterChain.java:164)
	at org.apache.catalina.core.ApplicationFilterChain.doFilter(ApplicationFilterChain.java:140)
	at org.springframework.web.filter.CharacterEncodingFilter.doFilterInternal(CharacterEncodingFilter.java:201)
	at org.springframework.web.filter.OncePerRequestFilter.doFilter(OncePerRequestFilter.java:116)
	at org.apache.catalina.core.ApplicationFilterChain.internalDoFilter(ApplicationFilterChain.java:164)
	at org.apache.catalina.core.ApplicationFilterChain.doFilter(ApplicationFilterChain.java:140)
	at org.apache.catalina.core.StandardWrapperValve.invoke(StandardWrapperValve.java:167)
	at org.apache.catalina.core.StandardContextValve.invoke(StandardContextValve.java:90)
	at org.apache.catalina.authenticator.AuthenticatorBase.invoke(AuthenticatorBase.java:483)
	at org.apache.catalina.core.StandardHostValve.invoke(StandardHostValve.java:115)
	at org.apache.catalina.valves.ErrorReportValve.invoke(ErrorReportValve.java:93)
	at org.apache.catalina.core.StandardEngineValve.invoke(StandardEngineValve.java:74)
	at org.apache.catalina.connector.CoyoteAdapter.service(CoyoteAdapter.java:344)
	at org.apache.coyote.http11.Http11Processor.service(Http11Processor.java:397)
	at org.apache.coyote.AbstractProcessorLight.process(AbstractProcessorLight.java:63)
	at org.apache.coyote.AbstractProtocol$ConnectionHandler.process(AbstractProtocol.java:905)
	at org.apache.tomcat.util.net.NioEndpoint$SocketProcessor.doRun(NioEndpoint.java:1741)
	at org.apache.tomcat.util.net.SocketProcessorBase.run(SocketProcessorBase.java:52)
	at org.apache.tomcat.util.threads.ThreadPoolExecutor.runWorker(ThreadPoolExecutor.java:1190)
	at org.apache.tomcat.util.threads.ThreadPoolExecutor$Worker.run(ThreadPoolExecutor.java:659)
	at org.apache.tomcat.util.threads.TaskThread$WrappingRunnable.run(TaskThread.java:63)
	at java.base/java.lang.Thread.run(Thread.java:833)
2025-01-24T11:17:55.472+09:00 WARN  --- [ http-nio-8080-exec-10] o.s.w.s.m.m.a.ExceptionHandlerExceptionResolver : Resolved [com.log_module.exception.CommonException]
2025-01-24T11:17:55.473+09:00 INFO  --- [ http-nio-8080-exec-10] c.l.l.interceptor.LoggingInterceptor : Response Status: [400] TraceId: [8f456248-e51e-4249-bd06-1d4a9d57f7fd] Method: [GET] requestURI: [/api/logging/error] Body: [{"code":"301","message":"GET_TEST_ERROR","traceId":"8f456248-e51e-4249-bd06-1d4a9d57f7fd","timestamp":"2025-01-24T11:17:55.4711952"}]
